{
  "C:\\Users\\hanne\\OneDrive\\Skrivebord\\Work\\NTNU\\Bachelor Informatikk\\Semester 5 (H2023)\\web\\project_1\\weatherApp\\src\\components\\CityHeader\\CityHeader.tsx": {
    "path": "C:\\Users\\hanne\\OneDrive\\Skrivebord\\Work\\NTNU\\Bachelor Informatikk\\Semester 5 (H2023)\\web\\project_1\\weatherApp\\src\\components\\CityHeader\\CityHeader.tsx",
    "all": false,
    "statementMap": {
      "0": { "start": { "line": 1, "column": 0 }, "end": { "line": 1, "column": 25 } },
      "1": { "start": { "line": 2, "column": 0 }, "end": { "line": 2, "column": 55 } },
      "2": { "start": { "line": 3, "column": 0 }, "end": { "line": 3, "column": 0 } },
      "3": { "start": { "line": 4, "column": 0 }, "end": { "line": 4, "column": 24 } },
      "4": { "start": { "line": 5, "column": 0 }, "end": { "line": 5, "column": 18 } },
      "5": { "start": { "line": 6, "column": 0 }, "end": { "line": 6, "column": 21 } },
      "6": { "start": { "line": 7, "column": 0 }, "end": { "line": 7, "column": 21 } },
      "7": { "start": { "line": 8, "column": 0 }, "end": { "line": 8, "column": 27 } },
      "8": { "start": { "line": 9, "column": 0 }, "end": { "line": 9, "column": 23 } },
      "9": { "start": { "line": 10, "column": 0 }, "end": { "line": 10, "column": 1 } },
      "10": { "start": { "line": 11, "column": 0 }, "end": { "line": 11, "column": 0 } },
      "11": { "start": { "line": 12, "column": 0 }, "end": { "line": 12, "column": 112 } },
      "12": { "start": { "line": 13, "column": 0 }, "end": { "line": 13, "column": 10 } },
      "13": { "start": { "line": 14, "column": 0 }, "end": { "line": 14, "column": 66 } },
      "14": { "start": { "line": 15, "column": 0 }, "end": { "line": 15, "column": 32 } },
      "15": { "start": { "line": 16, "column": 0 }, "end": { "line": 16, "column": 25 } },
      "16": { "start": { "line": 17, "column": 0 }, "end": { "line": 17, "column": 79 } },
      "17": { "start": { "line": 18, "column": 0 }, "end": { "line": 18, "column": 35 } },
      "18": { "start": { "line": 19, "column": 0 }, "end": { "line": 19, "column": 9 } },
      "19": { "start": { "line": 20, "column": 0 }, "end": { "line": 20, "column": 38 } },
      "20": { "start": { "line": 21, "column": 0 }, "end": { "line": 21, "column": 10 } },
      "21": { "start": { "line": 22, "column": 0 }, "end": { "line": 22, "column": 10 } },
      "22": { "start": { "line": 23, "column": 0 }, "end": { "line": 23, "column": 3 } },
      "23": { "start": { "line": 24, "column": 0 }, "end": { "line": 24, "column": 1 } },
      "24": { "start": { "line": 25, "column": 0 }, "end": { "line": 25, "column": 0 } },
      "25": { "start": { "line": 26, "column": 0 }, "end": { "line": 26, "column": 25 } }
    },
    "s": {
      "0": 1,
      "1": 1,
      "2": 1,
      "3": 1,
      "4": 1,
      "5": 1,
      "6": 1,
      "7": 1,
      "8": 1,
      "9": 1,
      "10": 1,
      "11": 2,
      "12": 2,
      "13": 2,
      "14": 2,
      "15": 2,
      "16": 2,
      "17": 2,
      "18": 2,
      "19": 2,
      "20": 2,
      "21": 2,
      "22": 2,
      "23": 2,
      "24": 1,
      "25": 1
    },
    "branchMap": {
      "0": {
        "type": "branch",
        "line": 12,
        "loc": { "start": { "line": 12, "column": 0 }, "end": { "line": 24, "column": 1 } },
        "locations": [{ "start": { "line": 12, "column": 0 }, "end": { "line": 24, "column": 1 } }]
      }
    },
    "b": { "0": [2] },
    "fnMap": {
      "0": {
        "name": "CityHeader",
        "decl": { "start": { "line": 12, "column": 0 }, "end": { "line": 24, "column": 1 } },
        "loc": { "start": { "line": 12, "column": 0 }, "end": { "line": 24, "column": 1 } },
        "line": 12
      }
    },
    "f": { "0": 2 }
  },
  "C:\\Users\\hanne\\OneDrive\\Skrivebord\\Work\\NTNU\\Bachelor Informatikk\\Semester 5 (H2023)\\web\\project_1\\weatherApp\\src\\components\\CityListElement\\CityListElement.tsx": {
    "path": "C:\\Users\\hanne\\OneDrive\\Skrivebord\\Work\\NTNU\\Bachelor Informatikk\\Semester 5 (H2023)\\web\\project_1\\weatherApp\\src\\components\\CityListElement\\CityListElement.tsx",
    "all": false,
    "statementMap": {
      "0": { "start": { "line": 1, "column": 0 }, "end": { "line": 1, "column": 110 } },
      "1": { "start": { "line": 2, "column": 0 }, "end": { "line": 2, "column": 36 } },
      "2": { "start": { "line": 3, "column": 0 }, "end": { "line": 3, "column": 0 } },
      "3": { "start": { "line": 4, "column": 0 }, "end": { "line": 4, "column": 32 } },
      "4": { "start": { "line": 5, "column": 0 }, "end": { "line": 5, "column": 30 } },
      "5": { "start": { "line": 6, "column": 0 }, "end": { "line": 6, "column": 55 } },
      "6": { "start": { "line": 7, "column": 0 }, "end": { "line": 7, "column": 39 } },
      "7": { "start": { "line": 8, "column": 0 }, "end": { "line": 8, "column": 65 } },
      "8": { "start": { "line": 9, "column": 0 }, "end": { "line": 9, "column": 69 } },
      "9": { "start": { "line": 10, "column": 0 }, "end": { "line": 10, "column": 0 } },
      "10": { "start": { "line": 11, "column": 0 }, "end": { "line": 11, "column": 32 } },
      "11": { "start": { "line": 12, "column": 0 }, "end": { "line": 12, "column": 18 } },
      "12": { "start": { "line": 13, "column": 0 }, "end": { "line": 13, "column": 1 } },
      "13": { "start": { "line": 14, "column": 0 }, "end": { "line": 14, "column": 0 } },
      "14": { "start": { "line": 15, "column": 0 }, "end": { "line": 15, "column": 62 } },
      "15": { "start": { "line": 16, "column": 0 }, "end": { "line": 16, "column": 66 } },
      "16": { "start": { "line": 17, "column": 0 }, "end": { "line": 17, "column": 88 } },
      "17": { "start": { "line": 18, "column": 0 }, "end": { "line": 18, "column": 72 } },
      "18": { "start": { "line": 19, "column": 0 }, "end": { "line": 19, "column": 89 } },
      "19": { "start": { "line": 20, "column": 0 }, "end": { "line": 20, "column": 0 } },
      "20": { "start": { "line": 21, "column": 0 }, "end": { "line": 21, "column": 71 } },
      "21": { "start": { "line": 22, "column": 0 }, "end": { "line": 22, "column": 32 } },
      "22": { "start": { "line": 23, "column": 0 }, "end": { "line": 23, "column": 39 } },
      "23": { "start": { "line": 24, "column": 0 }, "end": { "line": 24, "column": 43 } },
      "24": { "start": { "line": 25, "column": 0 }, "end": { "line": 25, "column": 59 } },
      "25": { "start": { "line": 26, "column": 0 }, "end": { "line": 26, "column": 26 } },
      "26": { "start": { "line": 27, "column": 0 }, "end": { "line": 27, "column": 6 } },
      "27": { "start": { "line": 28, "column": 0 }, "end": { "line": 28, "column": 3 } },
      "28": { "start": { "line": 29, "column": 0 }, "end": { "line": 29, "column": 0 } },
      "29": { "start": { "line": 30, "column": 0 }, "end": { "line": 30, "column": 18 } },
      "30": { "start": { "line": 31, "column": 0 }, "end": { "line": 31, "column": 65 } },
      "31": { "start": { "line": 32, "column": 0 }, "end": { "line": 32, "column": 45 } },
      "32": { "start": { "line": 33, "column": 0 }, "end": { "line": 33, "column": 3 } },
      "33": { "start": { "line": 34, "column": 0 }, "end": { "line": 34, "column": 0 } },
      "34": { "start": { "line": 35, "column": 0 }, "end": { "line": 35, "column": 89 } },
      "35": { "start": { "line": 36, "column": 0 }, "end": { "line": 36, "column": 54 } },
      "36": { "start": { "line": 37, "column": 0 }, "end": { "line": 37, "column": 64 } },
      "37": { "start": { "line": 38, "column": 0 }, "end": { "line": 38, "column": 3 } },
      "38": { "start": { "line": 39, "column": 0 }, "end": { "line": 39, "column": 0 } },
      "39": { "start": { "line": 40, "column": 0 }, "end": { "line": 40, "column": 38 } },
      "40": { "start": { "line": 41, "column": 0 }, "end": { "line": 41, "column": 72 } },
      "41": { "start": { "line": 42, "column": 0 }, "end": { "line": 42, "column": 53 } },
      "42": { "start": { "line": 43, "column": 0 }, "end": { "line": 43, "column": 0 } },
      "43": { "start": { "line": 44, "column": 0 }, "end": { "line": 44, "column": 64 } },
      "44": { "start": { "line": 45, "column": 0 }, "end": { "line": 45, "column": 47 } },
      "45": { "start": { "line": 46, "column": 0 }, "end": { "line": 46, "column": 47 } },
      "46": { "start": { "line": 47, "column": 0 }, "end": { "line": 47, "column": 0 } },
      "47": { "start": { "line": 48, "column": 0 }, "end": { "line": 48, "column": 72 } },
      "48": { "start": { "line": 49, "column": 0 }, "end": { "line": 49, "column": 120 } },
      "49": { "start": { "line": 50, "column": 0 }, "end": { "line": 50, "column": 63 } },
      "50": { "start": { "line": 51, "column": 0 }, "end": { "line": 51, "column": 69 } },
      "51": { "start": { "line": 52, "column": 0 }, "end": { "line": 52, "column": 6 } },
      "52": { "start": { "line": 53, "column": 0 }, "end": { "line": 53, "column": 3 } },
      "53": { "start": { "line": 54, "column": 0 }, "end": { "line": 54, "column": 67 } },
      "54": { "start": { "line": 55, "column": 0 }, "end": { "line": 55, "column": 65 } },
      "55": { "start": { "line": 56, "column": 0 }, "end": { "line": 56, "column": 0 } },
      "56": { "start": { "line": 57, "column": 0 }, "end": { "line": 57, "column": 10 } },
      "57": { "start": { "line": 58, "column": 0 }, "end": { "line": 58, "column": 37 } },
      "58": { "start": { "line": 59, "column": 0 }, "end": { "line": 59, "column": 58 } },
      "59": { "start": { "line": 60, "column": 0 }, "end": { "line": 60, "column": 25 } },
      "60": { "start": { "line": 61, "column": 0 }, "end": { "line": 61, "column": 13 } },
      "61": { "start": { "line": 62, "column": 0 }, "end": { "line": 62, "column": 0 } },
      "62": { "start": { "line": 63, "column": 0 }, "end": { "line": 63, "column": 111 } },
      "63": { "start": { "line": 64, "column": 0 }, "end": { "line": 64, "column": 34 } },
      "64": { "start": { "line": 65, "column": 0 }, "end": { "line": 65, "column": 9 } },
      "65": { "start": { "line": 66, "column": 0 }, "end": { "line": 66, "column": 37 } },
      "66": { "start": { "line": 67, "column": 0 }, "end": { "line": 67, "column": 10 } },
      "67": { "start": { "line": 68, "column": 0 }, "end": { "line": 68, "column": 0 } },
      "68": { "start": { "line": 69, "column": 0 }, "end": { "line": 69, "column": 43 } },
      "69": { "start": { "line": 70, "column": 0 }, "end": { "line": 70, "column": 108 } },
      "70": { "start": { "line": 71, "column": 0 }, "end": { "line": 71, "column": 45 } },
      "71": { "start": { "line": 72, "column": 0 }, "end": { "line": 72, "column": 14 } },
      "72": { "start": { "line": 73, "column": 0 }, "end": { "line": 73, "column": 10 } },
      "73": { "start": { "line": 74, "column": 0 }, "end": { "line": 74, "column": 3 } },
      "74": { "start": { "line": 75, "column": 0 }, "end": { "line": 75, "column": 1 } },
      "75": { "start": { "line": 76, "column": 0 }, "end": { "line": 76, "column": 0 } },
      "76": { "start": { "line": 77, "column": 0 }, "end": { "line": 77, "column": 30 } }
    },
    "s": {
      "0": 1,
      "1": 1,
      "2": 1,
      "3": 1,
      "4": 1,
      "5": 1,
      "6": 1,
      "7": 1,
      "8": 1,
      "9": 1,
      "10": 1,
      "11": 1,
      "12": 1,
      "13": 1,
      "14": 1,
      "15": 1,
      "16": 1,
      "17": 1,
      "18": 1,
      "19": 1,
      "20": 1,
      "21": 1,
      "22": 0,
      "23": 0,
      "24": 0,
      "25": 0,
      "26": 0,
      "27": 0,
      "28": 1,
      "29": 1,
      "30": 1,
      "31": 1,
      "32": 1,
      "33": 0,
      "34": 1,
      "35": 0,
      "36": 0,
      "37": 0,
      "38": 0,
      "39": 0,
      "40": 1,
      "41": 1,
      "42": 1,
      "43": 1,
      "44": 1,
      "45": 1,
      "46": 1,
      "47": 1,
      "48": 1,
      "49": 1,
      "50": 1,
      "51": 1,
      "52": 1,
      "53": 1,
      "54": 1,
      "55": 1,
      "56": 1,
      "57": 1,
      "58": 1,
      "59": 1,
      "60": 1,
      "61": 1,
      "62": 1,
      "63": 1,
      "64": 1,
      "65": 1,
      "66": 1,
      "67": 1,
      "68": 1,
      "69": 1,
      "70": 1,
      "71": 1,
      "72": 1,
      "73": 1,
      "74": 1,
      "75": 1,
      "76": 1
    },
    "branchMap": {
      "0": {
        "type": "branch",
        "line": 15,
        "loc": { "start": { "line": 15, "column": 0 }, "end": { "line": 75, "column": 1 } },
        "locations": [{ "start": { "line": 15, "column": 0 }, "end": { "line": 75, "column": 1 } }]
      },
      "1": {
        "type": "branch",
        "line": 33,
        "loc": { "start": { "line": 33, "column": 2 }, "end": { "line": 35, "column": 88 } },
        "locations": [{ "start": { "line": 33, "column": 2 }, "end": { "line": 35, "column": 88 } }]
      },
      "2": {
        "type": "branch",
        "line": 35,
        "loc": { "start": { "line": 35, "column": 88 }, "end": { "line": 41, "column": 70 } },
        "locations": [{ "start": { "line": 35, "column": 88 }, "end": { "line": 41, "column": 70 } }]
      },
      "3": {
        "type": "branch",
        "line": 41,
        "loc": { "start": { "line": 41, "column": 52 }, "end": { "line": 41, "column": 72 } },
        "locations": [{ "start": { "line": 41, "column": 52 }, "end": { "line": 41, "column": 72 } }]
      }
    },
    "b": { "0": [1], "1": [0], "2": [0], "3": [0] },
    "fnMap": {
      "0": {
        "name": "CityListElement",
        "decl": { "start": { "line": 15, "column": 0 }, "end": { "line": 75, "column": 1 } },
        "loc": { "start": { "line": 15, "column": 0 }, "end": { "line": 75, "column": 1 } },
        "line": 15
      },
      "1": {
        "name": "toggleFavorite",
        "decl": { "start": { "line": 22, "column": 25 }, "end": { "line": 28, "column": 3 } },
        "loc": { "start": { "line": 22, "column": 25 }, "end": { "line": 28, "column": 3 } },
        "line": 22
      }
    },
    "f": { "0": 1, "1": 0 }
  },
  "C:\\Users\\hanne\\OneDrive\\Skrivebord\\Work\\NTNU\\Bachelor Informatikk\\Semester 5 (H2023)\\web\\project_1\\weatherApp\\src\\components\\CountryFilter\\CountryFilter.tsx": {
    "path": "C:\\Users\\hanne\\OneDrive\\Skrivebord\\Work\\NTNU\\Bachelor Informatikk\\Semester 5 (H2023)\\web\\project_1\\weatherApp\\src\\components\\CountryFilter\\CountryFilter.tsx",
    "all": false,
    "statementMap": {
      "0": { "start": { "line": 1, "column": 0 }, "end": { "line": 1, "column": 25 } },
      "1": { "start": { "line": 2, "column": 0 }, "end": { "line": 2, "column": 28 } },
      "2": { "start": { "line": 3, "column": 0 }, "end": { "line": 3, "column": 0 } },
      "3": { "start": { "line": 4, "column": 0 }, "end": { "line": 4, "column": 30 } },
      "4": { "start": { "line": 5, "column": 0 }, "end": { "line": 5, "column": 52 } },
      "5": { "start": { "line": 6, "column": 0 }, "end": { "line": 6, "column": 71 } },
      "6": { "start": { "line": 7, "column": 0 }, "end": { "line": 7, "column": 100 } },
      "7": { "start": { "line": 8, "column": 0 }, "end": { "line": 8, "column": 1 } },
      "8": { "start": { "line": 9, "column": 0 }, "end": { "line": 9, "column": 0 } },
      "9": { "start": { "line": 10, "column": 0 }, "end": { "line": 10, "column": 106 } },
      "10": { "start": { "line": 11, "column": 0 }, "end": { "line": 11, "column": 10 } },
      "11": { "start": { "line": 12, "column": 0 }, "end": { "line": 12, "column": 35 } },
      "12": { "start": { "line": 13, "column": 0 }, "end": { "line": 13, "column": 13 } },
      "13": { "start": { "line": 14, "column": 0 }, "end": { "line": 14, "column": 79 } },
      "14": { "start": { "line": 15, "column": 0 }, "end": { "line": 15, "column": 102 } },
      "15": { "start": { "line": 16, "column": 0 }, "end": { "line": 16, "column": 7 } },
      "16": { "start": { "line": 17, "column": 0 }, "end": { "line": 17, "column": 11 } },
      "17": { "start": { "line": 18, "column": 0 }, "end": { "line": 18, "column": 15 } },
      "18": { "start": { "line": 19, "column": 0 }, "end": { "line": 19, "column": 42 } },
      "19": { "start": { "line": 20, "column": 0 }, "end": { "line": 20, "column": 15 } },
      "20": { "start": { "line": 21, "column": 0 }, "end": { "line": 21, "column": 21 } },
      "21": { "start": { "line": 22, "column": 0 }, "end": { "line": 22, "column": 84 } },
      "22": { "start": { "line": 23, "column": 0 }, "end": { "line": 23, "column": 113 } },
      "23": { "start": { "line": 24, "column": 0 }, "end": { "line": 24, "column": 9 } },
      "24": { "start": { "line": 25, "column": 0 }, "end": { "line": 25, "column": 19 } },
      "25": { "start": { "line": 26, "column": 0 }, "end": { "line": 26, "column": 17 } },
      "26": { "start": { "line": 27, "column": 0 }, "end": { "line": 27, "column": 9 } },
      "27": { "start": { "line": 28, "column": 0 }, "end": { "line": 28, "column": 10 } },
      "28": { "start": { "line": 29, "column": 0 }, "end": { "line": 29, "column": 3 } },
      "29": { "start": { "line": 30, "column": 0 }, "end": { "line": 30, "column": 1 } },
      "30": { "start": { "line": 31, "column": 0 }, "end": { "line": 31, "column": 0 } },
      "31": { "start": { "line": 32, "column": 0 }, "end": { "line": 32, "column": 28 } }
    },
    "s": {
      "0": 1,
      "1": 1,
      "2": 1,
      "3": 1,
      "4": 1,
      "5": 1,
      "6": 1,
      "7": 1,
      "8": 1,
      "9": 1,
      "10": 3,
      "11": 3,
      "12": 3,
      "13": 3,
      "14": 3,
      "15": 3,
      "16": 3,
      "17": 3,
      "18": 3,
      "19": 12,
      "20": 12,
      "21": 12,
      "22": 12,
      "23": 12,
      "24": 12,
      "25": 12,
      "26": 3,
      "27": 3,
      "28": 3,
      "29": 3,
      "30": 1,
      "31": 1
    },
    "branchMap": {
      "0": {
        "type": "branch",
        "line": 10,
        "loc": { "start": { "line": 10, "column": 52 }, "end": { "line": 30, "column": 1 } },
        "locations": [{ "start": { "line": 10, "column": 52 }, "end": { "line": 30, "column": 1 } }]
      },
      "1": {
        "type": "branch",
        "line": 14,
        "loc": { "start": { "line": 14, "column": 56 }, "end": { "line": 14, "column": 74 } },
        "locations": [{ "start": { "line": 14, "column": 56 }, "end": { "line": 14, "column": 74 } }]
      },
      "2": {
        "type": "branch",
        "line": 15,
        "loc": { "start": { "line": 15, "column": 17 }, "end": { "line": 15, "column": 102 } },
        "locations": [{ "start": { "line": 15, "column": 17 }, "end": { "line": 15, "column": 102 } }]
      },
      "3": {
        "type": "branch",
        "line": 19,
        "loc": { "start": { "line": 19, "column": 21 }, "end": { "line": 26, "column": 17 } },
        "locations": [{ "start": { "line": 19, "column": 21 }, "end": { "line": 26, "column": 17 } }]
      },
      "4": {
        "type": "branch",
        "line": 22,
        "loc": { "start": { "line": 22, "column": 58 }, "end": { "line": 22, "column": 79 } },
        "locations": [{ "start": { "line": 22, "column": 58 }, "end": { "line": 22, "column": 79 } }]
      },
      "5": {
        "type": "branch",
        "line": 22,
        "loc": { "start": { "line": 22, "column": 68 }, "end": { "line": 22, "column": 81 } },
        "locations": [{ "start": { "line": 22, "column": 68 }, "end": { "line": 22, "column": 81 } }]
      },
      "6": {
        "type": "branch",
        "line": 23,
        "loc": { "start": { "line": 23, "column": 19 }, "end": { "line": 23, "column": 113 } },
        "locations": [{ "start": { "line": 23, "column": 19 }, "end": { "line": 23, "column": 113 } }]
      }
    },
    "b": { "0": [3], "1": [0], "2": [1], "3": [12], "4": [3], "5": [9], "6": [1] },
    "fnMap": {
      "0": {
        "name": "CountryFilter",
        "decl": { "start": { "line": 10, "column": 52 }, "end": { "line": 30, "column": 1 } },
        "loc": { "start": { "line": 10, "column": 52 }, "end": { "line": 30, "column": 1 } },
        "line": 10
      },
      "1": {
        "name": "onClick",
        "decl": { "start": { "line": 15, "column": 17 }, "end": { "line": 15, "column": 102 } },
        "loc": { "start": { "line": 15, "column": 17 }, "end": { "line": 15, "column": 102 } },
        "line": 15
      },
      "2": {
        "name": "onClick",
        "decl": { "start": { "line": 23, "column": 19 }, "end": { "line": 23, "column": 113 } },
        "loc": { "start": { "line": 23, "column": 19 }, "end": { "line": 23, "column": 113 } },
        "line": 23
      }
    },
    "f": { "0": 3, "1": 1, "2": 1 }
  },
  "C:\\Users\\hanne\\OneDrive\\Skrivebord\\Work\\NTNU\\Bachelor Informatikk\\Semester 5 (H2023)\\web\\project_1\\weatherApp\\src\\components\\Navbar\\Navbar.tsx": {
    "path": "C:\\Users\\hanne\\OneDrive\\Skrivebord\\Work\\NTNU\\Bachelor Informatikk\\Semester 5 (H2023)\\web\\project_1\\weatherApp\\src\\components\\Navbar\\Navbar.tsx",
    "all": false,
    "statementMap": {
      "0": { "start": { "line": 1, "column": 0 }, "end": { "line": 1, "column": 32 } },
      "1": { "start": { "line": 2, "column": 0 }, "end": { "line": 2, "column": 21 } },
      "2": { "start": { "line": 3, "column": 0 }, "end": { "line": 3, "column": 0 } },
      "3": { "start": { "line": 4, "column": 0 }, "end": { "line": 4, "column": 22 } },
      "4": { "start": { "line": 5, "column": 0 }, "end": { "line": 5, "column": 49 } },
      "5": { "start": { "line": 6, "column": 0 }, "end": { "line": 6, "column": 0 } },
      "6": { "start": { "line": 7, "column": 0 }, "end": { "line": 7, "column": 28 } },
      "7": { "start": { "line": 8, "column": 0 }, "end": { "line": 8, "column": 65 } },
      "8": { "start": { "line": 9, "column": 0 }, "end": { "line": 9, "column": 3 } },
      "9": { "start": { "line": 10, "column": 0 }, "end": { "line": 10, "column": 0 } },
      "10": { "start": { "line": 11, "column": 0 }, "end": { "line": 11, "column": 10 } },
      "11": { "start": { "line": 12, "column": 0 }, "end": { "line": 12, "column": 9 } },
      "12": { "start": { "line": 13, "column": 0 }, "end": { "line": 13, "column": 77 } },
      "13": { "start": { "line": 14, "column": 0 }, "end": { "line": 14, "column": 36 } },
      "14": { "start": { "line": 15, "column": 0 }, "end": { "line": 15, "column": 36 } },
      "15": { "start": { "line": 16, "column": 0 }, "end": { "line": 16, "column": 36 } },
      "16": { "start": { "line": 17, "column": 0 }, "end": { "line": 17, "column": 12 } },
      "17": { "start": { "line": 18, "column": 0 }, "end": { "line": 18, "column": 37 } },
      "18": { "start": { "line": 19, "column": 0 }, "end": { "line": 19, "column": 12 } },
      "19": { "start": { "line": 20, "column": 0 }, "end": { "line": 20, "column": 44 } },
      "20": { "start": { "line": 21, "column": 0 }, "end": { "line": 21, "column": 25 } },
      "21": { "start": { "line": 22, "column": 0 }, "end": { "line": 22, "column": 14 } },
      "22": { "start": { "line": 23, "column": 0 }, "end": { "line": 23, "column": 13 } },
      "23": { "start": { "line": 24, "column": 0 }, "end": { "line": 24, "column": 12 } },
      "24": { "start": { "line": 25, "column": 0 }, "end": { "line": 25, "column": 45 } },
      "25": { "start": { "line": 26, "column": 0 }, "end": { "line": 26, "column": 42 } },
      "26": { "start": { "line": 27, "column": 0 }, "end": { "line": 27, "column": 48 } },
      "27": { "start": { "line": 28, "column": 0 }, "end": { "line": 28, "column": 16 } },
      "28": { "start": { "line": 29, "column": 0 }, "end": { "line": 29, "column": 14 } },
      "29": { "start": { "line": 30, "column": 0 }, "end": { "line": 30, "column": 13 } },
      "30": { "start": { "line": 31, "column": 0 }, "end": { "line": 31, "column": 42 } },
      "31": { "start": { "line": 32, "column": 0 }, "end": { "line": 32, "column": 53 } },
      "32": { "start": { "line": 33, "column": 0 }, "end": { "line": 33, "column": 22 } },
      "33": { "start": { "line": 34, "column": 0 }, "end": { "line": 34, "column": 14 } },
      "34": { "start": { "line": 35, "column": 0 }, "end": { "line": 35, "column": 13 } },
      "35": { "start": { "line": 36, "column": 0 }, "end": { "line": 36, "column": 11 } },
      "36": { "start": { "line": 37, "column": 0 }, "end": { "line": 37, "column": 10 } },
      "37": { "start": { "line": 38, "column": 0 }, "end": { "line": 38, "column": 3 } },
      "38": { "start": { "line": 39, "column": 0 }, "end": { "line": 39, "column": 1 } },
      "39": { "start": { "line": 40, "column": 0 }, "end": { "line": 40, "column": 0 } },
      "40": { "start": { "line": 41, "column": 0 }, "end": { "line": 41, "column": 21 } }
    },
    "s": {
      "0": 1,
      "1": 1,
      "2": 1,
      "3": 1,
      "4": 2,
      "5": 2,
      "6": 2,
      "7": 0,
      "8": 0,
      "9": 2,
      "10": 2,
      "11": 2,
      "12": 2,
      "13": 2,
      "14": 2,
      "15": 2,
      "16": 2,
      "17": 2,
      "18": 2,
      "19": 2,
      "20": 2,
      "21": 2,
      "22": 2,
      "23": 2,
      "24": 2,
      "25": 2,
      "26": 2,
      "27": 2,
      "28": 2,
      "29": 2,
      "30": 2,
      "31": 2,
      "32": 2,
      "33": 2,
      "34": 2,
      "35": 2,
      "36": 2,
      "37": 2,
      "38": 2,
      "39": 1,
      "40": 1
    },
    "branchMap": {
      "0": {
        "type": "branch",
        "line": 4,
        "loc": { "start": { "line": 4, "column": 15 }, "end": { "line": 39, "column": 1 } },
        "locations": [{ "start": { "line": 4, "column": 15 }, "end": { "line": 39, "column": 1 } }]
      },
      "1": {
        "type": "branch",
        "line": 13,
        "loc": { "start": { "line": 13, "column": 30 }, "end": { "line": 13, "column": 50 } },
        "locations": [{ "start": { "line": 13, "column": 30 }, "end": { "line": 13, "column": 50 } }]
      },
      "2": {
        "type": "branch",
        "line": 25,
        "loc": { "start": { "line": 25, "column": 21 }, "end": { "line": 25, "column": 41 } },
        "locations": [{ "start": { "line": 25, "column": 21 }, "end": { "line": 25, "column": 41 } }]
      }
    },
    "b": { "0": [2], "1": [0], "2": [0] },
    "fnMap": {
      "0": {
        "name": "Navbar",
        "decl": { "start": { "line": 4, "column": 15 }, "end": { "line": 39, "column": 1 } },
        "loc": { "start": { "line": 4, "column": 15 }, "end": { "line": 39, "column": 1 } },
        "line": 4
      },
      "1": {
        "name": "toggleMenu",
        "decl": { "start": { "line": 7, "column": 21 }, "end": { "line": 9, "column": 3 } },
        "loc": { "start": { "line": 7, "column": 21 }, "end": { "line": 9, "column": 3 } },
        "line": 7
      }
    },
    "f": { "0": 2, "1": 0 }
  },
  "C:\\Users\\hanne\\OneDrive\\Skrivebord\\Work\\NTNU\\Bachelor Informatikk\\Semester 5 (H2023)\\web\\project_1\\weatherApp\\src\\components\\Search\\Search.tsx": {
    "path": "C:\\Users\\hanne\\OneDrive\\Skrivebord\\Work\\NTNU\\Bachelor Informatikk\\Semester 5 (H2023)\\web\\project_1\\weatherApp\\src\\components\\Search\\Search.tsx",
    "all": false,
    "statementMap": {
      "0": { "start": { "line": 1, "column": 0 }, "end": { "line": 1, "column": 21 } },
      "1": { "start": { "line": 2, "column": 0 }, "end": { "line": 2, "column": 39 } },
      "2": { "start": { "line": 3, "column": 0 }, "end": { "line": 3, "column": 0 } },
      "3": { "start": { "line": 4, "column": 0 }, "end": { "line": 4, "column": 26 } },
      "4": { "start": { "line": 5, "column": 0 }, "end": { "line": 5, "column": 92 } },
      "5": { "start": { "line": 6, "column": 0 }, "end": { "line": 6, "column": 1 } },
      "6": { "start": { "line": 7, "column": 0 }, "end": { "line": 7, "column": 0 } },
      "7": { "start": { "line": 8, "column": 0 }, "end": { "line": 8, "column": 67 } },
      "8": { "start": { "line": 9, "column": 0 }, "end": { "line": 9, "column": 42 } },
      "9": { "start": { "line": 10, "column": 0 }, "end": { "line": 10, "column": 0 } },
      "10": { "start": { "line": 11, "column": 0 }, "end": { "line": 11, "column": 46 } },
      "11": { "start": { "line": 12, "column": 0 }, "end": { "line": 12, "column": 49 } },
      "12": { "start": { "line": 13, "column": 0 }, "end": { "line": 13, "column": 54 } },
      "13": { "start": { "line": 14, "column": 0 }, "end": { "line": 14, "column": 83 } },
      "14": { "start": { "line": 15, "column": 0 }, "end": { "line": 15, "column": 3 } },
      "15": { "start": { "line": 16, "column": 0 }, "end": { "line": 16, "column": 0 } },
      "16": { "start": { "line": 17, "column": 0 }, "end": { "line": 17, "column": 10 } },
      "17": { "start": { "line": 18, "column": 0 }, "end": { "line": 18, "column": 32 } },
      "18": { "start": { "line": 19, "column": 0 }, "end": { "line": 19, "column": 12 } },
      "19": { "start": { "line": 20, "column": 0 }, "end": { "line": 20, "column": 19 } },
      "20": { "start": { "line": 21, "column": 0 }, "end": { "line": 21, "column": 31 } },
      "21": { "start": { "line": 22, "column": 0 }, "end": { "line": 22, "column": 22 } },
      "22": { "start": { "line": 23, "column": 0 }, "end": { "line": 23, "column": 26 } },
      "23": { "start": { "line": 24, "column": 0 }, "end": { "line": 24, "column": 87 } },
      "24": { "start": { "line": 25, "column": 0 }, "end": { "line": 25, "column": 10 } },
      "25": { "start": { "line": 26, "column": 0 }, "end": { "line": 26, "column": 8 } },
      "26": { "start": { "line": 27, "column": 0 }, "end": { "line": 27, "column": 10 } },
      "27": { "start": { "line": 28, "column": 0 }, "end": { "line": 28, "column": 3 } },
      "28": { "start": { "line": 29, "column": 0 }, "end": { "line": 29, "column": 1 } }
    },
    "s": {
      "0": 1,
      "1": 1,
      "2": 1,
      "3": 1,
      "4": 1,
      "5": 1,
      "6": 1,
      "7": 1,
      "8": 5,
      "9": 5,
      "10": 5,
      "11": 5,
      "12": 2,
      "13": 2,
      "14": 2,
      "15": 5,
      "16": 5,
      "17": 5,
      "18": 5,
      "19": 5,
      "20": 5,
      "21": 5,
      "22": 5,
      "23": 2,
      "24": 2,
      "25": 5,
      "26": 5,
      "27": 5,
      "28": 5
    },
    "branchMap": {
      "0": {
        "type": "branch",
        "line": 8,
        "loc": { "start": { "line": 8, "column": 48 }, "end": { "line": 29, "column": 1 } },
        "locations": [{ "start": { "line": 8, "column": 48 }, "end": { "line": 29, "column": 1 } }]
      },
      "1": {
        "type": "branch",
        "line": 12,
        "loc": { "start": { "line": 12, "column": 29 }, "end": { "line": 15, "column": 3 } },
        "locations": [{ "start": { "line": 12, "column": 29 }, "end": { "line": 15, "column": 3 } }]
      },
      "2": {
        "type": "branch",
        "line": 23,
        "loc": { "start": { "line": 23, "column": 18 }, "end": { "line": 25, "column": 10 } },
        "locations": [{ "start": { "line": 23, "column": 18 }, "end": { "line": 25, "column": 10 } }]
      }
    },
    "b": { "0": [5], "1": [2], "2": [2] },
    "fnMap": {
      "0": {
        "name": "Search",
        "decl": { "start": { "line": 8, "column": 48 }, "end": { "line": 29, "column": 1 } },
        "loc": { "start": { "line": 8, "column": 48 }, "end": { "line": 29, "column": 1 } },
        "line": 8
      },
      "1": {
        "name": "handleFilterChange",
        "decl": { "start": { "line": 12, "column": 29 }, "end": { "line": 15, "column": 3 } },
        "loc": { "start": { "line": 12, "column": 29 }, "end": { "line": 15, "column": 3 } },
        "line": 12
      },
      "2": {
        "name": "onChange",
        "decl": { "start": { "line": 23, "column": 18 }, "end": { "line": 25, "column": 10 } },
        "loc": { "start": { "line": 23, "column": 18 }, "end": { "line": 25, "column": 10 } },
        "line": 23
      }
    },
    "f": { "0": 5, "1": 2, "2": 2 }
  },
  "C:\\Users\\hanne\\OneDrive\\Skrivebord\\Work\\NTNU\\Bachelor Informatikk\\Semester 5 (H2023)\\web\\project_1\\weatherApp\\src\\mocks\\handlers.ts": {
    "path": "C:\\Users\\hanne\\OneDrive\\Skrivebord\\Work\\NTNU\\Bachelor Informatikk\\Semester 5 (H2023)\\web\\project_1\\weatherApp\\src\\mocks\\handlers.ts",
    "all": false,
    "statementMap": {
      "0": { "start": { "line": 1, "column": 0 }, "end": { "line": 1, "column": 26 } },
      "1": { "start": { "line": 2, "column": 0 }, "end": { "line": 2, "column": 0 } },
      "2": { "start": { "line": 3, "column": 0 }, "end": { "line": 3, "column": 25 } },
      "3": { "start": { "line": 4, "column": 0 }, "end": { "line": 4, "column": 11 } },
      "4": { "start": { "line": 5, "column": 0 }, "end": { "line": 5, "column": 118 } },
      "5": { "start": { "line": 6, "column": 0 }, "end": { "line": 6, "column": 38 } },
      "6": { "start": { "line": 7, "column": 0 }, "end": { "line": 7, "column": 22 } },
      "7": { "start": { "line": 8, "column": 0 }, "end": { "line": 8, "column": 28 } },
      "8": { "start": { "line": 9, "column": 0 }, "end": { "line": 9, "column": 22 } },
      "9": { "start": { "line": 10, "column": 0 }, "end": { "line": 10, "column": 11 } },
      "10": { "start": { "line": 11, "column": 0 }, "end": { "line": 11, "column": 32 } },
      "11": { "start": { "line": 12, "column": 0 }, "end": { "line": 12, "column": 33 } },
      "12": { "start": { "line": 13, "column": 0 }, "end": { "line": 13, "column": 50 } },
      "13": { "start": { "line": 14, "column": 0 }, "end": { "line": 14, "column": 34 } },
      "14": { "start": { "line": 15, "column": 0 }, "end": { "line": 15, "column": 28 } },
      "15": { "start": { "line": 16, "column": 0 }, "end": { "line": 16, "column": 41 } },
      "16": { "start": { "line": 17, "column": 0 }, "end": { "line": 17, "column": 26 } },
      "17": { "start": { "line": 18, "column": 0 }, "end": { "line": 18, "column": 27 } },
      "18": { "start": { "line": 19, "column": 0 }, "end": { "line": 19, "column": 30 } },
      "19": { "start": { "line": 20, "column": 0 }, "end": { "line": 20, "column": 35 } },
      "20": { "start": { "line": 21, "column": 0 }, "end": { "line": 21, "column": 25 } },
      "21": { "start": { "line": 22, "column": 0 }, "end": { "line": 22, "column": 30 } },
      "22": { "start": { "line": 23, "column": 0 }, "end": { "line": 23, "column": 14 } },
      "23": { "start": { "line": 24, "column": 0 }, "end": { "line": 24, "column": 21 } },
      "24": { "start": { "line": 25, "column": 0 }, "end": { "line": 25, "column": 21 } },
      "25": { "start": { "line": 26, "column": 0 }, "end": { "line": 26, "column": 35 } },
      "26": { "start": { "line": 27, "column": 0 }, "end": { "line": 27, "column": 35 } },
      "27": { "start": { "line": 28, "column": 0 }, "end": { "line": 28, "column": 35 } },
      "28": { "start": { "line": 29, "column": 0 }, "end": { "line": 29, "column": 35 } },
      "29": { "start": { "line": 30, "column": 0 }, "end": { "line": 30, "column": 35 } },
      "30": { "start": { "line": 31, "column": 0 }, "end": { "line": 31, "column": 35 } },
      "31": { "start": { "line": 32, "column": 0 }, "end": { "line": 32, "column": 35 } },
      "32": { "start": { "line": 33, "column": 0 }, "end": { "line": 33, "column": 35 } },
      "33": { "start": { "line": 34, "column": 0 }, "end": { "line": 34, "column": 35 } },
      "34": { "start": { "line": 35, "column": 0 }, "end": { "line": 35, "column": 35 } },
      "35": { "start": { "line": 36, "column": 0 }, "end": { "line": 36, "column": 35 } },
      "36": { "start": { "line": 37, "column": 0 }, "end": { "line": 37, "column": 35 } },
      "37": { "start": { "line": 38, "column": 0 }, "end": { "line": 38, "column": 35 } },
      "38": { "start": { "line": 39, "column": 0 }, "end": { "line": 39, "column": 35 } },
      "39": { "start": { "line": 40, "column": 0 }, "end": { "line": 40, "column": 35 } },
      "40": { "start": { "line": 41, "column": 0 }, "end": { "line": 41, "column": 35 } },
      "41": { "start": { "line": 42, "column": 0 }, "end": { "line": 42, "column": 35 } },
      "42": { "start": { "line": 43, "column": 0 }, "end": { "line": 43, "column": 35 } },
      "43": { "start": { "line": 44, "column": 0 }, "end": { "line": 44, "column": 35 } },
      "44": { "start": { "line": 45, "column": 0 }, "end": { "line": 45, "column": 35 } },
      "45": { "start": { "line": 46, "column": 0 }, "end": { "line": 46, "column": 35 } },
      "46": { "start": { "line": 47, "column": 0 }, "end": { "line": 47, "column": 35 } },
      "47": { "start": { "line": 48, "column": 0 }, "end": { "line": 48, "column": 35 } },
      "48": { "start": { "line": 49, "column": 0 }, "end": { "line": 49, "column": 35 } },
      "49": { "start": { "line": 50, "column": 0 }, "end": { "line": 50, "column": 35 } },
      "50": { "start": { "line": 51, "column": 0 }, "end": { "line": 51, "column": 35 } },
      "51": { "start": { "line": 52, "column": 0 }, "end": { "line": 52, "column": 35 } },
      "52": { "start": { "line": 53, "column": 0 }, "end": { "line": 53, "column": 35 } },
      "53": { "start": { "line": 54, "column": 0 }, "end": { "line": 54, "column": 35 } },
      "54": { "start": { "line": 55, "column": 0 }, "end": { "line": 55, "column": 35 } },
      "55": { "start": { "line": 56, "column": 0 }, "end": { "line": 56, "column": 35 } },
      "56": { "start": { "line": 57, "column": 0 }, "end": { "line": 57, "column": 35 } },
      "57": { "start": { "line": 58, "column": 0 }, "end": { "line": 58, "column": 35 } },
      "58": { "start": { "line": 59, "column": 0 }, "end": { "line": 59, "column": 35 } },
      "59": { "start": { "line": 60, "column": 0 }, "end": { "line": 60, "column": 35 } },
      "60": { "start": { "line": 61, "column": 0 }, "end": { "line": 61, "column": 35 } },
      "61": { "start": { "line": 62, "column": 0 }, "end": { "line": 62, "column": 35 } },
      "62": { "start": { "line": 63, "column": 0 }, "end": { "line": 63, "column": 35 } },
      "63": { "start": { "line": 64, "column": 0 }, "end": { "line": 64, "column": 35 } },
      "64": { "start": { "line": 65, "column": 0 }, "end": { "line": 65, "column": 35 } },
      "65": { "start": { "line": 66, "column": 0 }, "end": { "line": 66, "column": 35 } },
      "66": { "start": { "line": 67, "column": 0 }, "end": { "line": 67, "column": 35 } },
      "67": { "start": { "line": 68, "column": 0 }, "end": { "line": 68, "column": 35 } },
      "68": { "start": { "line": 69, "column": 0 }, "end": { "line": 69, "column": 35 } },
      "69": { "start": { "line": 70, "column": 0 }, "end": { "line": 70, "column": 35 } },
      "70": { "start": { "line": 71, "column": 0 }, "end": { "line": 71, "column": 35 } },
      "71": { "start": { "line": 72, "column": 0 }, "end": { "line": 72, "column": 35 } },
      "72": { "start": { "line": 73, "column": 0 }, "end": { "line": 73, "column": 35 } },
      "73": { "start": { "line": 74, "column": 0 }, "end": { "line": 74, "column": 35 } },
      "74": { "start": { "line": 75, "column": 0 }, "end": { "line": 75, "column": 35 } },
      "75": { "start": { "line": 76, "column": 0 }, "end": { "line": 76, "column": 35 } },
      "76": { "start": { "line": 77, "column": 0 }, "end": { "line": 77, "column": 35 } },
      "77": { "start": { "line": 78, "column": 0 }, "end": { "line": 78, "column": 35 } },
      "78": { "start": { "line": 79, "column": 0 }, "end": { "line": 79, "column": 35 } },
      "79": { "start": { "line": 80, "column": 0 }, "end": { "line": 80, "column": 35 } },
      "80": { "start": { "line": 81, "column": 0 }, "end": { "line": 81, "column": 35 } },
      "81": { "start": { "line": 82, "column": 0 }, "end": { "line": 82, "column": 35 } },
      "82": { "start": { "line": 83, "column": 0 }, "end": { "line": 83, "column": 35 } },
      "83": { "start": { "line": 84, "column": 0 }, "end": { "line": 84, "column": 35 } },
      "84": { "start": { "line": 85, "column": 0 }, "end": { "line": 85, "column": 35 } },
      "85": { "start": { "line": 86, "column": 0 }, "end": { "line": 86, "column": 35 } },
      "86": { "start": { "line": 87, "column": 0 }, "end": { "line": 87, "column": 35 } },
      "87": { "start": { "line": 88, "column": 0 }, "end": { "line": 88, "column": 35 } },
      "88": { "start": { "line": 89, "column": 0 }, "end": { "line": 89, "column": 35 } },
      "89": { "start": { "line": 90, "column": 0 }, "end": { "line": 90, "column": 35 } },
      "90": { "start": { "line": 91, "column": 0 }, "end": { "line": 91, "column": 35 } },
      "91": { "start": { "line": 92, "column": 0 }, "end": { "line": 92, "column": 35 } },
      "92": { "start": { "line": 93, "column": 0 }, "end": { "line": 93, "column": 35 } },
      "93": { "start": { "line": 94, "column": 0 }, "end": { "line": 94, "column": 35 } },
      "94": { "start": { "line": 95, "column": 0 }, "end": { "line": 95, "column": 35 } },
      "95": { "start": { "line": 96, "column": 0 }, "end": { "line": 96, "column": 35 } },
      "96": { "start": { "line": 97, "column": 0 }, "end": { "line": 97, "column": 35 } },
      "97": { "start": { "line": 98, "column": 0 }, "end": { "line": 98, "column": 35 } },
      "98": { "start": { "line": 99, "column": 0 }, "end": { "line": 99, "column": 35 } },
      "99": { "start": { "line": 100, "column": 0 }, "end": { "line": 100, "column": 35 } },
      "100": { "start": { "line": 101, "column": 0 }, "end": { "line": 101, "column": 35 } },
      "101": { "start": { "line": 102, "column": 0 }, "end": { "line": 102, "column": 35 } },
      "102": { "start": { "line": 103, "column": 0 }, "end": { "line": 103, "column": 35 } },
      "103": { "start": { "line": 104, "column": 0 }, "end": { "line": 104, "column": 35 } },
      "104": { "start": { "line": 105, "column": 0 }, "end": { "line": 105, "column": 35 } },
      "105": { "start": { "line": 106, "column": 0 }, "end": { "line": 106, "column": 35 } },
      "106": { "start": { "line": 107, "column": 0 }, "end": { "line": 107, "column": 35 } },
      "107": { "start": { "line": 108, "column": 0 }, "end": { "line": 108, "column": 35 } },
      "108": { "start": { "line": 109, "column": 0 }, "end": { "line": 109, "column": 35 } },
      "109": { "start": { "line": 110, "column": 0 }, "end": { "line": 110, "column": 35 } },
      "110": { "start": { "line": 111, "column": 0 }, "end": { "line": 111, "column": 35 } },
      "111": { "start": { "line": 112, "column": 0 }, "end": { "line": 112, "column": 35 } },
      "112": { "start": { "line": 113, "column": 0 }, "end": { "line": 113, "column": 35 } },
      "113": { "start": { "line": 114, "column": 0 }, "end": { "line": 114, "column": 35 } },
      "114": { "start": { "line": 115, "column": 0 }, "end": { "line": 115, "column": 35 } },
      "115": { "start": { "line": 116, "column": 0 }, "end": { "line": 116, "column": 35 } },
      "116": { "start": { "line": 117, "column": 0 }, "end": { "line": 117, "column": 35 } },
      "117": { "start": { "line": 118, "column": 0 }, "end": { "line": 118, "column": 35 } },
      "118": { "start": { "line": 119, "column": 0 }, "end": { "line": 119, "column": 35 } },
      "119": { "start": { "line": 120, "column": 0 }, "end": { "line": 120, "column": 35 } },
      "120": { "start": { "line": 121, "column": 0 }, "end": { "line": 121, "column": 35 } },
      "121": { "start": { "line": 122, "column": 0 }, "end": { "line": 122, "column": 35 } },
      "122": { "start": { "line": 123, "column": 0 }, "end": { "line": 123, "column": 35 } },
      "123": { "start": { "line": 124, "column": 0 }, "end": { "line": 124, "column": 35 } },
      "124": { "start": { "line": 125, "column": 0 }, "end": { "line": 125, "column": 35 } },
      "125": { "start": { "line": 126, "column": 0 }, "end": { "line": 126, "column": 35 } },
      "126": { "start": { "line": 127, "column": 0 }, "end": { "line": 127, "column": 35 } },
      "127": { "start": { "line": 128, "column": 0 }, "end": { "line": 128, "column": 35 } },
      "128": { "start": { "line": 129, "column": 0 }, "end": { "line": 129, "column": 35 } },
      "129": { "start": { "line": 130, "column": 0 }, "end": { "line": 130, "column": 35 } },
      "130": { "start": { "line": 131, "column": 0 }, "end": { "line": 131, "column": 35 } },
      "131": { "start": { "line": 132, "column": 0 }, "end": { "line": 132, "column": 35 } },
      "132": { "start": { "line": 133, "column": 0 }, "end": { "line": 133, "column": 35 } },
      "133": { "start": { "line": 134, "column": 0 }, "end": { "line": 134, "column": 35 } },
      "134": { "start": { "line": 135, "column": 0 }, "end": { "line": 135, "column": 35 } },
      "135": { "start": { "line": 136, "column": 0 }, "end": { "line": 136, "column": 35 } },
      "136": { "start": { "line": 137, "column": 0 }, "end": { "line": 137, "column": 35 } },
      "137": { "start": { "line": 138, "column": 0 }, "end": { "line": 138, "column": 35 } },
      "138": { "start": { "line": 139, "column": 0 }, "end": { "line": 139, "column": 35 } },
      "139": { "start": { "line": 140, "column": 0 }, "end": { "line": 140, "column": 35 } },
      "140": { "start": { "line": 141, "column": 0 }, "end": { "line": 141, "column": 35 } },
      "141": { "start": { "line": 142, "column": 0 }, "end": { "line": 142, "column": 35 } },
      "142": { "start": { "line": 143, "column": 0 }, "end": { "line": 143, "column": 35 } },
      "143": { "start": { "line": 144, "column": 0 }, "end": { "line": 144, "column": 35 } },
      "144": { "start": { "line": 145, "column": 0 }, "end": { "line": 145, "column": 35 } },
      "145": { "start": { "line": 146, "column": 0 }, "end": { "line": 146, "column": 35 } },
      "146": { "start": { "line": 147, "column": 0 }, "end": { "line": 147, "column": 35 } },
      "147": { "start": { "line": 148, "column": 0 }, "end": { "line": 148, "column": 35 } },
      "148": { "start": { "line": 149, "column": 0 }, "end": { "line": 149, "column": 35 } },
      "149": { "start": { "line": 150, "column": 0 }, "end": { "line": 150, "column": 35 } },
      "150": { "start": { "line": 151, "column": 0 }, "end": { "line": 151, "column": 35 } },
      "151": { "start": { "line": 152, "column": 0 }, "end": { "line": 152, "column": 35 } },
      "152": { "start": { "line": 153, "column": 0 }, "end": { "line": 153, "column": 35 } },
      "153": { "start": { "line": 154, "column": 0 }, "end": { "line": 154, "column": 35 } },
      "154": { "start": { "line": 155, "column": 0 }, "end": { "line": 155, "column": 35 } },
      "155": { "start": { "line": 156, "column": 0 }, "end": { "line": 156, "column": 35 } },
      "156": { "start": { "line": 157, "column": 0 }, "end": { "line": 157, "column": 35 } },
      "157": { "start": { "line": 158, "column": 0 }, "end": { "line": 158, "column": 35 } },
      "158": { "start": { "line": 159, "column": 0 }, "end": { "line": 159, "column": 35 } },
      "159": { "start": { "line": 160, "column": 0 }, "end": { "line": 160, "column": 35 } },
      "160": { "start": { "line": 161, "column": 0 }, "end": { "line": 161, "column": 35 } },
      "161": { "start": { "line": 162, "column": 0 }, "end": { "line": 162, "column": 35 } },
      "162": { "start": { "line": 163, "column": 0 }, "end": { "line": 163, "column": 35 } },
      "163": { "start": { "line": 164, "column": 0 }, "end": { "line": 164, "column": 35 } },
      "164": { "start": { "line": 165, "column": 0 }, "end": { "line": 165, "column": 35 } },
      "165": { "start": { "line": 166, "column": 0 }, "end": { "line": 166, "column": 35 } },
      "166": { "start": { "line": 167, "column": 0 }, "end": { "line": 167, "column": 35 } },
      "167": { "start": { "line": 168, "column": 0 }, "end": { "line": 168, "column": 35 } },
      "168": { "start": { "line": 169, "column": 0 }, "end": { "line": 169, "column": 35 } },
      "169": { "start": { "line": 170, "column": 0 }, "end": { "line": 170, "column": 35 } },
      "170": { "start": { "line": 171, "column": 0 }, "end": { "line": 171, "column": 35 } },
      "171": { "start": { "line": 172, "column": 0 }, "end": { "line": 172, "column": 35 } },
      "172": { "start": { "line": 173, "column": 0 }, "end": { "line": 173, "column": 35 } },
      "173": { "start": { "line": 174, "column": 0 }, "end": { "line": 174, "column": 35 } },
      "174": { "start": { "line": 175, "column": 0 }, "end": { "line": 175, "column": 35 } },
      "175": { "start": { "line": 176, "column": 0 }, "end": { "line": 176, "column": 35 } },
      "176": { "start": { "line": 177, "column": 0 }, "end": { "line": 177, "column": 35 } },
      "177": { "start": { "line": 178, "column": 0 }, "end": { "line": 178, "column": 35 } },
      "178": { "start": { "line": 179, "column": 0 }, "end": { "line": 179, "column": 35 } },
      "179": { "start": { "line": 180, "column": 0 }, "end": { "line": 180, "column": 35 } },
      "180": { "start": { "line": 181, "column": 0 }, "end": { "line": 181, "column": 35 } },
      "181": { "start": { "line": 182, "column": 0 }, "end": { "line": 182, "column": 35 } },
      "182": { "start": { "line": 183, "column": 0 }, "end": { "line": 183, "column": 35 } },
      "183": { "start": { "line": 184, "column": 0 }, "end": { "line": 184, "column": 35 } },
      "184": { "start": { "line": 185, "column": 0 }, "end": { "line": 185, "column": 35 } },
      "185": { "start": { "line": 186, "column": 0 }, "end": { "line": 186, "column": 35 } },
      "186": { "start": { "line": 187, "column": 0 }, "end": { "line": 187, "column": 35 } },
      "187": { "start": { "line": 188, "column": 0 }, "end": { "line": 188, "column": 35 } },
      "188": { "start": { "line": 189, "column": 0 }, "end": { "line": 189, "column": 35 } },
      "189": { "start": { "line": 190, "column": 0 }, "end": { "line": 190, "column": 35 } },
      "190": { "start": { "line": 191, "column": 0 }, "end": { "line": 191, "column": 35 } },
      "191": { "start": { "line": 192, "column": 0 }, "end": { "line": 192, "column": 35 } },
      "192": { "start": { "line": 193, "column": 0 }, "end": { "line": 193, "column": 35 } },
      "193": { "start": { "line": 194, "column": 0 }, "end": { "line": 194, "column": 16 } },
      "194": { "start": { "line": 195, "column": 0 }, "end": { "line": 195, "column": 31 } },
      "195": { "start": { "line": 196, "column": 0 }, "end": { "line": 196, "column": 119 } },
      "196": { "start": { "line": 197, "column": 0 }, "end": { "line": 197, "column": 119 } },
      "197": { "start": { "line": 198, "column": 0 }, "end": { "line": 198, "column": 116 } },
      "198": { "start": { "line": 199, "column": 0 }, "end": { "line": 199, "column": 118 } },
      "199": { "start": { "line": 200, "column": 0 }, "end": { "line": 200, "column": 116 } },
      "200": { "start": { "line": 201, "column": 0 }, "end": { "line": 201, "column": 115 } },
      "201": { "start": { "line": 202, "column": 0 }, "end": { "line": 202, "column": 115 } },
      "202": { "start": { "line": 203, "column": 0 }, "end": { "line": 203, "column": 115 } },
      "203": { "start": { "line": 204, "column": 0 }, "end": { "line": 204, "column": 119 } },
      "204": { "start": { "line": 205, "column": 0 }, "end": { "line": 205, "column": 53 } },
      "205": { "start": { "line": 206, "column": 0 }, "end": { "line": 206, "column": 16 } },
      "206": { "start": { "line": 207, "column": 0 }, "end": { "line": 207, "column": 21 } },
      "207": { "start": { "line": 208, "column": 0 }, "end": { "line": 208, "column": 117 } },
      "208": { "start": { "line": 209, "column": 0 }, "end": { "line": 209, "column": 118 } },
      "209": { "start": { "line": 210, "column": 0 }, "end": { "line": 210, "column": 118 } },
      "210": { "start": { "line": 211, "column": 0 }, "end": { "line": 211, "column": 120 } },
      "211": { "start": { "line": 212, "column": 0 }, "end": { "line": 212, "column": 120 } },
      "212": { "start": { "line": 213, "column": 0 }, "end": { "line": 213, "column": 57 } },
      "213": { "start": { "line": 214, "column": 0 }, "end": { "line": 214, "column": 16 } },
      "214": { "start": { "line": 215, "column": 0 }, "end": { "line": 215, "column": 27 } },
      "215": { "start": { "line": 216, "column": 0 }, "end": { "line": 216, "column": 116 } },
      "216": { "start": { "line": 217, "column": 0 }, "end": { "line": 217, "column": 120 } },
      "217": { "start": { "line": 218, "column": 0 }, "end": { "line": 218, "column": 117 } },
      "218": { "start": { "line": 219, "column": 0 }, "end": { "line": 219, "column": 119 } },
      "219": { "start": { "line": 220, "column": 0 }, "end": { "line": 220, "column": 119 } },
      "220": { "start": { "line": 221, "column": 0 }, "end": { "line": 221, "column": 118 } },
      "221": { "start": { "line": 222, "column": 0 }, "end": { "line": 222, "column": 120 } },
      "222": { "start": { "line": 223, "column": 0 }, "end": { "line": 223, "column": 48 } },
      "223": { "start": { "line": 224, "column": 0 }, "end": { "line": 224, "column": 16 } },
      "224": { "start": { "line": 225, "column": 0 }, "end": { "line": 225, "column": 14 } },
      "225": { "start": { "line": 226, "column": 0 }, "end": { "line": 226, "column": 12 } },
      "226": { "start": { "line": 227, "column": 0 }, "end": { "line": 227, "column": 11 } },
      "227": { "start": { "line": 228, "column": 0 }, "end": { "line": 228, "column": 7 } },
      "228": { "start": { "line": 229, "column": 0 }, "end": { "line": 229, "column": 6 } },
      "229": { "start": { "line": 230, "column": 0 }, "end": { "line": 230, "column": 4 } },
      "230": { "start": { "line": 231, "column": 0 }, "end": { "line": 231, "column": 1 } }
    },
    "s": {
      "0": 1,
      "1": 1,
      "2": 1,
      "3": 1,
      "4": 1,
      "5": 1,
      "6": 1,
      "7": 1,
      "8": 1,
      "9": 1,
      "10": 1,
      "11": 1,
      "12": 1,
      "13": 1,
      "14": 1,
      "15": 1,
      "16": 1,
      "17": 1,
      "18": 1,
      "19": 1,
      "20": 1,
      "21": 1,
      "22": 1,
      "23": 1,
      "24": 1,
      "25": 1,
      "26": 1,
      "27": 1,
      "28": 1,
      "29": 1,
      "30": 1,
      "31": 1,
      "32": 1,
      "33": 1,
      "34": 1,
      "35": 1,
      "36": 1,
      "37": 1,
      "38": 1,
      "39": 1,
      "40": 1,
      "41": 1,
      "42": 1,
      "43": 1,
      "44": 1,
      "45": 1,
      "46": 1,
      "47": 1,
      "48": 1,
      "49": 1,
      "50": 1,
      "51": 1,
      "52": 1,
      "53": 1,
      "54": 1,
      "55": 1,
      "56": 1,
      "57": 1,
      "58": 1,
      "59": 1,
      "60": 1,
      "61": 1,
      "62": 1,
      "63": 1,
      "64": 1,
      "65": 1,
      "66": 1,
      "67": 1,
      "68": 1,
      "69": 1,
      "70": 1,
      "71": 1,
      "72": 1,
      "73": 1,
      "74": 1,
      "75": 1,
      "76": 1,
      "77": 1,
      "78": 1,
      "79": 1,
      "80": 1,
      "81": 1,
      "82": 1,
      "83": 1,
      "84": 1,
      "85": 1,
      "86": 1,
      "87": 1,
      "88": 1,
      "89": 1,
      "90": 1,
      "91": 1,
      "92": 1,
      "93": 1,
      "94": 1,
      "95": 1,
      "96": 1,
      "97": 1,
      "98": 1,
      "99": 1,
      "100": 1,
      "101": 1,
      "102": 1,
      "103": 1,
      "104": 1,
      "105": 1,
      "106": 1,
      "107": 1,
      "108": 1,
      "109": 1,
      "110": 1,
      "111": 1,
      "112": 1,
      "113": 1,
      "114": 1,
      "115": 1,
      "116": 1,
      "117": 1,
      "118": 1,
      "119": 1,
      "120": 1,
      "121": 1,
      "122": 1,
      "123": 1,
      "124": 1,
      "125": 1,
      "126": 1,
      "127": 1,
      "128": 1,
      "129": 1,
      "130": 1,
      "131": 1,
      "132": 1,
      "133": 1,
      "134": 1,
      "135": 1,
      "136": 1,
      "137": 1,
      "138": 1,
      "139": 1,
      "140": 1,
      "141": 1,
      "142": 1,
      "143": 1,
      "144": 1,
      "145": 1,
      "146": 1,
      "147": 1,
      "148": 1,
      "149": 1,
      "150": 1,
      "151": 1,
      "152": 1,
      "153": 1,
      "154": 1,
      "155": 1,
      "156": 1,
      "157": 1,
      "158": 1,
      "159": 1,
      "160": 1,
      "161": 1,
      "162": 1,
      "163": 1,
      "164": 1,
      "165": 1,
      "166": 1,
      "167": 1,
      "168": 1,
      "169": 1,
      "170": 1,
      "171": 1,
      "172": 1,
      "173": 1,
      "174": 1,
      "175": 1,
      "176": 1,
      "177": 1,
      "178": 1,
      "179": 1,
      "180": 1,
      "181": 1,
      "182": 1,
      "183": 1,
      "184": 1,
      "185": 1,
      "186": 1,
      "187": 1,
      "188": 1,
      "189": 1,
      "190": 1,
      "191": 1,
      "192": 1,
      "193": 1,
      "194": 1,
      "195": 1,
      "196": 1,
      "197": 1,
      "198": 1,
      "199": 1,
      "200": 1,
      "201": 1,
      "202": 1,
      "203": 1,
      "204": 1,
      "205": 1,
      "206": 1,
      "207": 1,
      "208": 1,
      "209": 1,
      "210": 1,
      "211": 1,
      "212": 1,
      "213": 1,
      "214": 1,
      "215": 1,
      "216": 1,
      "217": 1,
      "218": 1,
      "219": 1,
      "220": 1,
      "221": 1,
      "222": 1,
      "223": 1,
      "224": 1,
      "225": 1,
      "226": 1,
      "227": 1,
      "228": 1,
      "229": 1,
      "230": 1
    },
    "branchMap": {
      "0": {
        "type": "branch",
        "line": 6,
        "loc": { "start": { "line": 6, "column": 4 }, "end": { "line": 229, "column": 6 } },
        "locations": [{ "start": { "line": 6, "column": 4 }, "end": { "line": 229, "column": 6 } }]
      }
    },
    "b": { "0": [1] },
    "fnMap": {},
    "f": {}
  },
  "C:\\Users\\hanne\\OneDrive\\Skrivebord\\Work\\NTNU\\Bachelor Informatikk\\Semester 5 (H2023)\\web\\project_1\\weatherApp\\src\\mocks\\server.ts": {
    "path": "C:\\Users\\hanne\\OneDrive\\Skrivebord\\Work\\NTNU\\Bachelor Informatikk\\Semester 5 (H2023)\\web\\project_1\\weatherApp\\src\\mocks\\server.ts",
    "all": false,
    "statementMap": {
      "0": { "start": { "line": 1, "column": 0 }, "end": { "line": 1, "column": 22 } },
      "1": { "start": { "line": 2, "column": 0 }, "end": { "line": 2, "column": 38 } },
      "2": { "start": { "line": 3, "column": 0 }, "end": { "line": 3, "column": 37 } },
      "3": { "start": { "line": 4, "column": 0 }, "end": { "line": 4, "column": 0 } },
      "4": { "start": { "line": 5, "column": 0 }, "end": { "line": 5, "column": 76 } },
      "5": { "start": { "line": 6, "column": 0 }, "end": { "line": 6, "column": 46 } }
    },
    "s": { "0": 1, "1": 1, "2": 1, "3": 1, "4": 1, "5": 1 },
    "branchMap": {},
    "b": {},
    "fnMap": {},
    "f": {}
  },
  "C:\\Users\\hanne\\OneDrive\\Skrivebord\\Work\\NTNU\\Bachelor Informatikk\\Semester 5 (H2023)\\web\\project_1\\weatherApp\\src\\utils\\getWeatherIcon.ts": {
    "path": "C:\\Users\\hanne\\OneDrive\\Skrivebord\\Work\\NTNU\\Bachelor Informatikk\\Semester 5 (H2023)\\web\\project_1\\weatherApp\\src\\utils\\getWeatherIcon.ts",
    "all": false,
    "statementMap": {
      "0": { "start": { "line": 1, "column": 0 }, "end": { "line": 1, "column": 23 } },
      "1": { "start": { "line": 2, "column": 0 }, "end": { "line": 2, "column": 37 } },
      "2": { "start": { "line": 3, "column": 0 }, "end": { "line": 3, "column": 35 } },
      "3": { "start": { "line": 4, "column": 0 }, "end": { "line": 4, "column": 39 } },
      "4": { "start": { "line": 5, "column": 0 }, "end": { "line": 5, "column": 45 } },
      "5": { "start": { "line": 6, "column": 0 }, "end": { "line": 6, "column": 0 } },
      "6": { "start": { "line": 7, "column": 0 }, "end": { "line": 7, "column": 58 } },
      "7": { "start": { "line": 8, "column": 0 }, "end": { "line": 8, "column": 71 } },
      "8": { "start": { "line": 9, "column": 0 }, "end": { "line": 9, "column": 51 } },
      "9": { "start": { "line": 10, "column": 0 }, "end": { "line": 10, "column": 15 } },
      "10": { "start": { "line": 11, "column": 0 }, "end": { "line": 11, "column": 55 } },
      "11": { "start": { "line": 12, "column": 0 }, "end": { "line": 12, "column": 14 } },
      "12": { "start": { "line": 13, "column": 0 }, "end": { "line": 13, "column": 55 } },
      "13": { "start": { "line": 14, "column": 0 }, "end": { "line": 14, "column": 19 } },
      "14": { "start": { "line": 15, "column": 0 }, "end": { "line": 15, "column": 10 } },
      "15": { "start": { "line": 16, "column": 0 }, "end": { "line": 16, "column": 16 } },
      "16": { "start": { "line": 17, "column": 0 }, "end": { "line": 17, "column": 3 } },
      "17": { "start": { "line": 18, "column": 0 }, "end": { "line": 18, "column": 1 } },
      "18": { "start": { "line": 19, "column": 0 }, "end": { "line": 19, "column": 0 } },
      "19": { "start": { "line": 20, "column": 0 }, "end": { "line": 20, "column": 29 } }
    },
    "s": {
      "0": 1,
      "1": 1,
      "2": 1,
      "3": 1,
      "4": 1,
      "5": 1,
      "6": 1,
      "7": 6,
      "8": 6,
      "9": 2,
      "10": 6,
      "11": 1,
      "12": 4,
      "13": 1,
      "14": 2,
      "15": 2,
      "16": 2,
      "17": 6,
      "18": 1,
      "19": 1
    },
    "branchMap": {
      "0": {
        "type": "branch",
        "line": 8,
        "loc": { "start": { "line": 8, "column": 0 }, "end": { "line": 18, "column": 1 } },
        "locations": [{ "start": { "line": 8, "column": 0 }, "end": { "line": 18, "column": 1 } }]
      },
      "1": {
        "type": "branch",
        "line": 9,
        "loc": { "start": { "line": 9, "column": 23 }, "end": { "line": 9, "column": 50 } },
        "locations": [{ "start": { "line": 9, "column": 23 }, "end": { "line": 9, "column": 50 } }]
      },
      "2": {
        "type": "branch",
        "line": 9,
        "loc": { "start": { "line": 9, "column": 50 }, "end": { "line": 11, "column": 13 } },
        "locations": [{ "start": { "line": 9, "column": 50 }, "end": { "line": 11, "column": 13 } }]
      },
      "3": {
        "type": "branch",
        "line": 11,
        "loc": { "start": { "line": 11, "column": 2 }, "end": { "line": 17, "column": 3 } },
        "locations": [{ "start": { "line": 11, "column": 2 }, "end": { "line": 17, "column": 3 } }]
      },
      "4": {
        "type": "branch",
        "line": 11,
        "loc": { "start": { "line": 11, "column": 29 }, "end": { "line": 11, "column": 54 } },
        "locations": [{ "start": { "line": 11, "column": 29 }, "end": { "line": 11, "column": 54 } }]
      },
      "5": {
        "type": "branch",
        "line": 11,
        "loc": { "start": { "line": 11, "column": 54 }, "end": { "line": 13, "column": 13 } },
        "locations": [{ "start": { "line": 11, "column": 54 }, "end": { "line": 13, "column": 13 } }]
      },
      "6": {
        "type": "branch",
        "line": 13,
        "loc": { "start": { "line": 13, "column": 2 }, "end": { "line": 17, "column": 3 } },
        "locations": [{ "start": { "line": 13, "column": 2 }, "end": { "line": 17, "column": 3 } }]
      },
      "7": {
        "type": "branch",
        "line": 13,
        "loc": { "start": { "line": 13, "column": 29 }, "end": { "line": 13, "column": 54 } },
        "locations": [{ "start": { "line": 13, "column": 29 }, "end": { "line": 13, "column": 54 } }]
      },
      "8": {
        "type": "branch",
        "line": 13,
        "loc": { "start": { "line": 13, "column": 54 }, "end": { "line": 17, "column": 3 } },
        "locations": [{ "start": { "line": 13, "column": 54 }, "end": { "line": 17, "column": 3 } }]
      },
      "9": {
        "type": "branch",
        "line": 13,
        "loc": { "start": { "line": 13, "column": 54 }, "end": { "line": 15, "column": 9 } },
        "locations": [{ "start": { "line": 13, "column": 54 }, "end": { "line": 15, "column": 9 } }]
      }
    },
    "b": { "0": [6], "1": [4], "2": [2], "3": [4], "4": [3], "5": [1], "6": [3], "7": [2], "8": [2], "9": [1] },
    "fnMap": {
      "0": {
        "name": "getWeatherIcon",
        "decl": { "start": { "line": 8, "column": 0 }, "end": { "line": 18, "column": 1 } },
        "loc": { "start": { "line": 8, "column": 0 }, "end": { "line": 18, "column": 1 } },
        "line": 8
      }
    },
    "f": { "0": 6 }
  },
  "C:\\Users\\hanne\\OneDrive\\Skrivebord\\Work\\NTNU\\Bachelor Informatikk\\Semester 5 (H2023)\\web\\project_1\\weatherApp\\src\\utils\\api_hooks\\useWeatherHook.tsx": {
    "path": "C:\\Users\\hanne\\OneDrive\\Skrivebord\\Work\\NTNU\\Bachelor Informatikk\\Semester 5 (H2023)\\web\\project_1\\weatherApp\\src\\utils\\api_hooks\\useWeatherHook.tsx",
    "all": false,
    "statementMap": {
      "0": { "start": { "line": 1, "column": 0 }, "end": { "line": 1, "column": 3 } },
      "1": { "start": { "line": 2, "column": 0 }, "end": { "line": 2, "column": 20 } },
      "2": { "start": { "line": 3, "column": 0 }, "end": { "line": 3, "column": 98 } },
      "3": { "start": { "line": 4, "column": 0 }, "end": { "line": 4, "column": 2 } },
      "4": { "start": { "line": 5, "column": 0 }, "end": { "line": 5, "column": 26 } },
      "5": { "start": { "line": 6, "column": 0 }, "end": { "line": 6, "column": 59 } },
      "6": { "start": { "line": 7, "column": 0 }, "end": { "line": 7, "column": 41 } },
      "7": { "start": { "line": 8, "column": 0 }, "end": { "line": 8, "column": 2 } },
      "8": { "start": { "line": 9, "column": 0 }, "end": { "line": 9, "column": 8 } },
      "9": { "start": { "line": 10, "column": 0 }, "end": { "line": 10, "column": 84 } },
      "10": { "start": { "line": 11, "column": 0 }, "end": { "line": 11, "column": 106 } },
      "11": { "start": { "line": 12, "column": 0 }, "end": { "line": 12, "column": 2 } },
      "12": { "start": { "line": 13, "column": 0 }, "end": { "line": 13, "column": 3 } },
      "13": { "start": { "line": 14, "column": 0 }, "end": { "line": 14, "column": 0 } },
      "14": { "start": { "line": 15, "column": 0 }, "end": { "line": 15, "column": 48 } },
      "15": { "start": { "line": 16, "column": 0 }, "end": { "line": 16, "column": 0 } },
      "16": { "start": { "line": 17, "column": 0 }, "end": { "line": 17, "column": 46 } },
      "17": { "start": { "line": 18, "column": 0 }, "end": { "line": 18, "column": 53 } },
      "18": { "start": { "line": 19, "column": 0 }, "end": { "line": 19, "column": 104 } },
      "19": { "start": { "line": 20, "column": 0 }, "end": { "line": 20, "column": 0 } },
      "20": { "start": { "line": 21, "column": 0 }, "end": { "line": 21, "column": 49 } },
      "21": { "start": { "line": 22, "column": 0 }, "end": { "line": 22, "column": 25 } },
      "22": { "start": { "line": 23, "column": 0 }, "end": { "line": 23, "column": 26 } },
      "23": { "start": { "line": 24, "column": 0 }, "end": { "line": 24, "column": 11 } },
      "24": { "start": { "line": 25, "column": 0 }, "end": { "line": 25, "column": 36 } },
      "25": { "start": { "line": 26, "column": 0 }, "end": { "line": 26, "column": 22 } },
      "26": { "start": { "line": 27, "column": 0 }, "end": { "line": 27, "column": 56 } },
      "27": { "start": { "line": 28, "column": 0 }, "end": { "line": 28, "column": 9 } },
      "28": { "start": { "line": 29, "column": 0 }, "end": { "line": 29, "column": 37 } },
      "29": { "start": { "line": 30, "column": 0 }, "end": { "line": 30, "column": 19 } },
      "30": { "start": { "line": 31, "column": 0 }, "end": { "line": 31, "column": 23 } },
      "31": { "start": { "line": 32, "column": 0 }, "end": { "line": 32, "column": 54 } },
      "32": { "start": { "line": 33, "column": 0 }, "end": { "line": 33, "column": 7 } },
      "33": { "start": { "line": 34, "column": 0 }, "end": { "line": 34, "column": 6 } },
      "34": { "start": { "line": 35, "column": 0 }, "end": { "line": 35, "column": 4 } },
      "35": { "start": { "line": 36, "column": 0 }, "end": { "line": 36, "column": 0 } },
      "36": { "start": { "line": 37, "column": 0 }, "end": { "line": 37, "column": 16 } },
      "37": { "start": { "line": 38, "column": 0 }, "end": { "line": 38, "column": 50 } },
      "38": { "start": { "line": 39, "column": 0 }, "end": { "line": 39, "column": 3 } },
      "39": { "start": { "line": 40, "column": 0 }, "end": { "line": 40, "column": 0 } },
      "40": { "start": { "line": 41, "column": 0 }, "end": { "line": 41, "column": 28 } },
      "41": { "start": { "line": 42, "column": 0 }, "end": { "line": 42, "column": 1 } },
      "42": { "start": { "line": 43, "column": 0 }, "end": { "line": 43, "column": 0 } },
      "43": { "start": { "line": 44, "column": 0 }, "end": { "line": 44, "column": 29 } }
    },
    "s": {
      "0": 1,
      "1": 1,
      "2": 1,
      "3": 1,
      "4": 1,
      "5": 1,
      "6": 1,
      "7": 1,
      "8": 1,
      "9": 1,
      "10": 1,
      "11": 1,
      "12": 1,
      "13": 1,
      "14": 1,
      "15": 1,
      "16": 1,
      "17": 1,
      "18": 1,
      "19": 1,
      "20": 1,
      "21": 1,
      "22": 1,
      "23": 1,
      "24": 1,
      "25": 1,
      "26": 0,
      "27": 0,
      "28": 1,
      "29": 1,
      "30": 1,
      "31": 0,
      "32": 0,
      "33": 1,
      "34": 1,
      "35": 1,
      "36": 1,
      "37": 0,
      "38": 0,
      "39": 1,
      "40": 1,
      "41": 1,
      "42": 1,
      "43": 1
    },
    "branchMap": {
      "0": {
        "type": "branch",
        "line": 17,
        "loc": { "start": { "line": 17, "column": 23 }, "end": { "line": 42, "column": 1 } },
        "locations": [{ "start": { "line": 17, "column": 23 }, "end": { "line": 42, "column": 1 } }]
      },
      "1": {
        "type": "branch",
        "line": 37,
        "loc": { "start": { "line": 37, "column": 15 }, "end": { "line": 39, "column": 3 } },
        "locations": [{ "start": { "line": 37, "column": 15 }, "end": { "line": 39, "column": 3 } }]
      },
      "2": {
        "type": "branch",
        "line": 23,
        "loc": { "start": { "line": 23, "column": 13 }, "end": { "line": 34, "column": 6 } },
        "locations": [{ "start": { "line": 23, "column": 13 }, "end": { "line": 34, "column": 6 } }]
      },
      "3": {
        "type": "branch",
        "line": 26,
        "loc": { "start": { "line": 26, "column": 21 }, "end": { "line": 28, "column": 9 } },
        "locations": [{ "start": { "line": 26, "column": 21 }, "end": { "line": 28, "column": 9 } }]
      },
      "4": {
        "type": "branch",
        "line": 31,
        "loc": { "start": { "line": 31, "column": 6 }, "end": { "line": 33, "column": 7 } },
        "locations": [{ "start": { "line": 31, "column": 6 }, "end": { "line": 33, "column": 7 } }]
      }
    },
    "b": { "0": [1], "1": [0], "2": [1], "3": [0], "4": [0] },
    "fnMap": {
      "0": {
        "name": "useWeatherHook",
        "decl": { "start": { "line": 17, "column": 23 }, "end": { "line": 42, "column": 1 } },
        "loc": { "start": { "line": 17, "column": 23 }, "end": { "line": 42, "column": 1 } },
        "line": 17
      },
      "1": {
        "name": "queryFn",
        "decl": { "start": { "line": 23, "column": 13 }, "end": { "line": 34, "column": 6 } },
        "loc": { "start": { "line": 23, "column": 13 }, "end": { "line": 34, "column": 6 } },
        "line": 23
      }
    },
    "f": { "0": 1, "1": 1 }
  },
  "C:\\Users\\hanne\\OneDrive\\Skrivebord\\Work\\NTNU\\Bachelor Informatikk\\Semester 5 (H2023)\\web\\project_1\\weatherApp\\src\\utils\\coordinates\\cityCoordinates.ts": {
    "path": "C:\\Users\\hanne\\OneDrive\\Skrivebord\\Work\\NTNU\\Bachelor Informatikk\\Semester 5 (H2023)\\web\\project_1\\weatherApp\\src\\utils\\coordinates\\cityCoordinates.ts",
    "all": false,
    "statementMap": {
      "0": { "start": { "line": 1, "column": 0 }, "end": { "line": 1, "column": 52 } },
      "1": { "start": { "line": 2, "column": 0 }, "end": { "line": 2, "column": 45 } },
      "2": { "start": { "line": 3, "column": 0 }, "end": { "line": 3, "column": 45 } },
      "3": { "start": { "line": 4, "column": 0 }, "end": { "line": 4, "column": 49 } },
      "4": { "start": { "line": 5, "column": 0 }, "end": { "line": 5, "column": 50 } },
      "5": { "start": { "line": 6, "column": 0 }, "end": { "line": 6, "column": 50 } },
      "6": { "start": { "line": 7, "column": 0 }, "end": { "line": 7, "column": 50 } },
      "7": { "start": { "line": 8, "column": 0 }, "end": { "line": 8, "column": 49 } },
      "8": { "start": { "line": 9, "column": 0 }, "end": { "line": 9, "column": 47 } },
      "9": { "start": { "line": 10, "column": 0 }, "end": { "line": 10, "column": 45 } },
      "10": { "start": { "line": 11, "column": 0 }, "end": { "line": 11, "column": 47 } },
      "11": { "start": { "line": 12, "column": 0 }, "end": { "line": 12, "column": 1 } },
      "12": { "start": { "line": 13, "column": 0 }, "end": { "line": 13, "column": 0 } },
      "13": { "start": { "line": 14, "column": 0 }, "end": { "line": 14, "column": 30 } }
    },
    "s": {
      "0": 1,
      "1": 1,
      "2": 1,
      "3": 1,
      "4": 1,
      "5": 1,
      "6": 1,
      "7": 1,
      "8": 1,
      "9": 1,
      "10": 1,
      "11": 1,
      "12": 1,
      "13": 1
    },
    "branchMap": {},
    "b": {},
    "fnMap": {},
    "f": {}
  }
}
